2025-11-09 22:16:08,748 - INFO - ======================================================================
2025-11-09 22:16:08,749 - INFO - SPLG Data Update Check
2025-11-09 22:16:08,749 - INFO - ======================================================================
2025-11-09 22:16:08,776 - INFO - Latest date in dataset: 2025-10-22
2025-11-09 22:16:08,777 - INFO - Fetching data from 2025-10-23 to 2025-11-09
2025-11-09 22:16:08,778 - INFO - Downloading SPLG data from yfinance...
2025-11-09 22:16:09,272 - INFO - ✓ Fetched 11 new records
2025-11-09 22:16:09,273 - INFO -   Date range: 2025-10-23 to 2025-11-07
2025-11-09 22:16:09,290 - INFO - Combined dataset: 5026 total records
2025-11-09 22:16:09,319 - INFO - ✓ Saved raw dataset to /home/robert/FEURCast/data/SPLG_history_full.csv
2025-11-09 22:16:09,320 - INFO - ======================================================================
2025-11-09 22:16:09,320 - INFO - ✓ Data update complete
2025-11-09 22:16:09,320 - INFO - ======================================================================
2025-11-09 22:28:07,997 - INFO - ======================================================================
2025-11-09 22:28:07,997 - INFO - SPLG Data Update Check
2025-11-09 22:28:07,998 - INFO - ======================================================================
2025-11-09 22:28:08,013 - INFO - Latest date in dataset: 2025-10-22
2025-11-09 22:28:08,014 - INFO - Fetching data from 2025-10-23 to 2025-11-09
2025-11-09 22:28:08,014 - INFO - Downloading SPLG data from yfinance...
2025-11-09 22:28:08,457 - INFO - ✓ Fetched 11 new records
2025-11-09 22:28:08,457 - INFO -   Date range: 2025-10-23 to 2025-11-07
2025-11-09 22:28:08,473 - INFO - Combined dataset: 5026 total records
2025-11-09 22:28:08,505 - INFO - ✓ Saved raw dataset to /home/robert/FEURCast/data/SPLG_history_full.csv
2025-11-09 22:28:08,505 - INFO - ======================================================================
2025-11-09 22:28:08,505 - INFO - ✓ Data update complete
2025-11-09 22:28:08,505 - INFO - ======================================================================
2025-11-09 22:32:40,550 - INFO - ======================================================================
2025-11-09 22:32:40,551 - INFO - SPLG Data Update Check
2025-11-09 22:32:40,551 - INFO - ======================================================================
2025-11-09 22:32:40,567 - INFO - Latest date in dataset: 2025-10-22
2025-11-09 22:32:40,567 - INFO - Fetching data from 2025-10-23 to 2025-11-09
2025-11-09 22:32:40,568 - INFO - Downloading SPLG data from yfinance...
2025-11-09 22:32:41,012 - INFO - ✓ Fetched 11 new records
2025-11-09 22:32:41,013 - INFO -   Date range: 2025-10-23 to 2025-11-07
2025-11-09 22:32:41,029 - INFO - Combined dataset: 5026 total records
2025-11-09 22:32:41,060 - INFO - ✓ Saved raw dataset to /home/robert/FEURCast/data/SPLG_history_full.csv
2025-11-09 22:32:41,060 - INFO - ======================================================================
2025-11-09 22:32:41,060 - INFO - ✓ Data update complete
2025-11-09 22:32:41,060 - INFO - ======================================================================
2025-11-09 23:11:19,092 - INFO - ======================================================================
2025-11-09 23:11:19,092 - INFO - SPLG Data Update Check
2025-11-09 23:11:19,092 - INFO - ======================================================================
2025-11-09 23:11:19,103 - INFO - Latest date in dataset: 2025-10-22
2025-11-09 23:11:19,105 - INFO - Fetching data from 2025-10-23 to 2025-11-09
2025-11-09 23:11:19,105 - INFO - Downloading SPLG data from yfinance...
2025-11-09 23:11:19,679 - INFO - ✓ Fetched 11 new records
2025-11-09 23:11:19,680 - INFO -   Date range: 2025-10-23 to 2025-11-07
2025-11-09 23:11:19,693 - INFO - Combined dataset: 5026 total records
2025-11-09 23:11:19,719 - INFO - ✓ Saved raw dataset to /home/robert/FEURCast/data/SPLG_history_full.csv
2025-11-09 23:11:19,720 - INFO - ======================================================================
2025-11-09 23:11:19,720 - INFO - ✓ Data update complete
2025-11-09 23:11:19,720 - INFO - ======================================================================
2025-11-09 23:11:46,204 - INFO - ======================================================================
2025-11-09 23:11:46,204 - INFO - SPLG Data Update Check
2025-11-09 23:11:46,204 - INFO - ======================================================================
2025-11-09 23:11:46,213 - INFO - Latest date in dataset: 2025-11-07
2025-11-09 23:11:46,213 - INFO - Fetching data from 2025-11-08 to 2025-11-09
2025-11-09 23:11:46,213 - INFO - Downloading SPLG data from yfinance...
2025-11-09 23:11:46,447 - INFO - No new data available from yfinance
2025-11-09 23:11:46,447 - INFO - No updates available
2025-11-09 23:12:07,310 - INFO - ======================================================================
2025-11-09 23:12:07,310 - INFO - SPLG Data Update Check
2025-11-09 23:12:07,310 - INFO - ======================================================================
2025-11-09 23:12:07,318 - INFO - Latest date in dataset: 2025-10-22
2025-11-09 23:12:07,319 - INFO - Fetching data from 2025-10-23 to 2025-11-09
2025-11-09 23:12:07,319 - INFO - Downloading SPLG data from yfinance...
2025-11-09 23:12:07,773 - INFO - ✓ Fetched 11 new records
2025-11-09 23:12:07,773 - INFO -   Date range: 2025-10-23 to 2025-11-07
2025-11-09 23:12:07,783 - INFO - Combined dataset: 5026 total records
2025-11-09 23:12:07,810 - INFO - ✓ Saved raw dataset to /home/robert/FEURCast/data/SPLG_history_full.csv
2025-11-09 23:12:07,811 - INFO - ======================================================================
2025-11-09 23:12:07,811 - INFO - ✓ Data update complete
2025-11-09 23:12:07,811 - INFO - ======================================================================
2025-11-09 23:19:06,533 - INFO - ======================================================================
2025-11-09 23:19:06,533 - INFO - SPLG Data Update Check
2025-11-09 23:19:06,533 - INFO - ======================================================================
2025-11-09 23:19:06,544 - INFO - Latest date in dataset: 2025-10-22
2025-11-09 23:19:06,544 - INFO - Fetching data from 2025-10-23 to 2025-11-09
2025-11-09 23:19:06,544 - INFO - Downloading SPLG data from yfinance...
2025-11-09 23:19:06,975 - INFO - ✓ Fetched 11 new records
2025-11-09 23:19:06,976 - INFO -   Date range: 2025-10-23 to 2025-11-07
2025-11-09 23:19:06,987 - INFO - Combined dataset: 5026 total records
2025-11-09 23:19:07,013 - INFO - ✓ Saved raw dataset to /home/robert/FEURCast/data/SPLG_history_full.csv
2025-11-09 23:19:07,014 - INFO - ======================================================================
2025-11-09 23:19:07,014 - INFO - ✓ Data update complete
2025-11-09 23:19:07,014 - INFO - ======================================================================
2025-11-09 23:22:14,583 - INFO - ======================================================================
2025-11-09 23:22:14,583 - INFO - SPLG Data Update Check
2025-11-09 23:22:14,583 - INFO - ======================================================================
2025-11-09 23:22:14,592 - INFO - Latest date in dataset: 2025-10-22
2025-11-09 23:22:14,592 - INFO - Fetching data from 2025-10-23 to 2025-11-09
2025-11-09 23:22:14,592 - INFO - Downloading SPLG data from yfinance...
2025-11-09 23:22:15,016 - INFO - ✓ Fetched 11 new records
2025-11-09 23:22:15,017 - INFO -   Date range: 2025-10-23 to 2025-11-07
2025-11-09 23:22:15,027 - INFO - Combined dataset: 5026 total records
2025-11-09 23:22:15,053 - INFO - ✓ Saved raw dataset to /home/robert/FEURCast/data/SPLG_history_full.csv
2025-11-09 23:22:15,054 - INFO - ======================================================================
2025-11-09 23:22:15,054 - INFO - ✓ Data update complete
2025-11-09 23:22:15,054 - INFO - ======================================================================
2025-11-09 23:51:05,145 - INFO - ======================================================================
2025-11-09 23:51:05,145 - INFO - SPLG Data Update Check
2025-11-09 23:51:05,145 - INFO - ======================================================================
2025-11-09 23:51:05,157 - INFO - Latest date in dataset: 2025-10-22
2025-11-09 23:51:05,158 - INFO - Fetching data from 2025-10-23 to 2025-11-09
2025-11-09 23:51:05,158 - INFO - Downloading SPLG data from yfinance...
2025-11-09 23:51:05,769 - INFO - ✓ Fetched 11 new records
2025-11-09 23:51:05,770 - INFO -   Date range: 2025-10-23 to 2025-11-07
2025-11-09 23:51:05,782 - INFO - Combined dataset: 5026 total records
2025-11-09 23:51:05,809 - INFO - ✓ Saved raw dataset to /home/robert/FEURCast/data/SPLG_history_full.csv
2025-11-09 23:51:05,809 - INFO - ======================================================================
2025-11-09 23:51:05,809 - INFO - ✓ Data update complete
2025-11-09 23:51:05,809 - INFO - ======================================================================
