2025-10-22 22:06:10,983 - INFO - ======================================================================
2025-10-22 22:06:10,983 - INFO - SPLG Data Update Check
2025-10-22 22:06:10,983 - INFO - ======================================================================
2025-10-22 22:06:11,054 - INFO - Latest date in dataset: 2025-09-24
2025-10-22 22:06:11,055 - INFO - Fetching data from 2025-09-25 to 2025-10-22
2025-10-22 22:09:35,023 - INFO - ======================================================================
2025-10-22 22:09:35,023 - INFO - SPLG Data Update Check
2025-10-22 22:09:35,023 - INFO - ======================================================================
2025-10-22 22:09:35,053 - INFO - Latest date in dataset: 2025-09-24
2025-10-22 22:09:35,054 - INFO - Fetching data from 2025-09-25 to 2025-10-22
2025-10-22 22:09:35,054 - INFO - Downloading SPLG data from yfinance...
2025-10-22 22:09:35,703 - INFO - ✓ Fetched 20 new records
2025-10-22 22:09:35,704 - INFO -   Date range: 2025-09-25 to 2025-10-22
2025-10-22 22:09:35,729 - INFO - Combined dataset: 5015 total records
2025-10-22 22:09:35,766 - INFO - ✓ Saved raw dataset to /home/robert/FEURCast/data/SPLG_history_full.csv
2025-10-22 22:09:35,766 - INFO - ======================================================================
2025-10-22 22:09:35,766 - INFO - ✓ Data update complete
2025-10-22 22:09:35,766 - INFO - ======================================================================
2025-10-22 22:30:56,175 - INFO - ======================================================================
2025-10-22 22:30:56,176 - INFO - SPLG Data Update Check
2025-10-22 22:30:56,176 - INFO - ======================================================================
2025-10-22 22:30:56,191 - INFO - Latest date in dataset: 2025-09-24
2025-10-22 22:30:56,191 - INFO - Fetching data from 2025-09-25 to 2025-10-22
2025-10-22 22:30:56,191 - INFO - Downloading SPLG data from yfinance...
2025-10-22 22:30:56,667 - INFO - ✓ Fetched 20 new records
2025-10-22 22:30:56,668 - INFO -   Date range: 2025-09-25 to 2025-10-22
2025-10-22 22:30:56,683 - INFO - Combined dataset: 5015 total records
2025-10-22 22:30:56,719 - INFO - ✓ Saved raw dataset to /home/robert/FEURCast/data/SPLG_history_full.csv
2025-10-22 22:30:56,720 - INFO - ======================================================================
2025-10-22 22:30:56,720 - INFO - ✓ Data update complete
2025-10-22 22:30:56,720 - INFO - ======================================================================
2025-10-22 22:39:25,430 - INFO - ======================================================================
2025-10-22 22:39:25,430 - INFO - SPLG Data Update Check
2025-10-22 22:39:25,431 - INFO - ======================================================================
2025-10-22 22:39:25,445 - INFO - Latest date in dataset: 2025-09-24
2025-10-22 22:39:25,446 - INFO - Fetching data from 2025-09-25 to 2025-10-22
2025-10-22 22:39:25,446 - INFO - Downloading SPLG data from yfinance...
2025-10-22 22:39:25,880 - INFO - ✓ Fetched 20 new records
2025-10-22 22:39:25,882 - INFO -   Date range: 2025-09-25 to 2025-10-22
2025-10-22 22:39:25,902 - INFO - Combined dataset: 5015 total records
2025-10-22 22:39:25,955 - INFO - ✓ Saved raw dataset to /home/robert/FEURCast/data/SPLG_history_full.csv
2025-10-22 22:39:25,955 - INFO - ======================================================================
2025-10-22 22:39:25,955 - INFO - ✓ Data update complete
2025-10-22 22:39:25,955 - INFO - ======================================================================
2025-10-22 22:41:12,004 - INFO - ======================================================================
2025-10-22 22:41:12,004 - INFO - SPLG Data Update Check
2025-10-22 22:41:12,004 - INFO - ======================================================================
2025-10-22 22:41:12,018 - INFO - Latest date in dataset: 2025-09-24
2025-10-22 22:41:12,018 - INFO - Fetching data from 2025-09-25 to 2025-10-22
2025-10-22 22:41:12,018 - INFO - Downloading SPLG data from yfinance...
2025-10-22 22:41:12,467 - INFO - ✓ Fetched 20 new records
2025-10-22 22:41:12,467 - INFO -   Date range: 2025-09-25 to 2025-10-22
2025-10-22 22:41:12,485 - INFO - Combined dataset: 5015 total records
2025-10-22 22:41:12,526 - INFO - ✓ Saved raw dataset to /home/robert/FEURCast/data/SPLG_history_full.csv
2025-10-22 22:41:12,527 - INFO - ======================================================================
2025-10-22 22:41:12,527 - INFO - ✓ Data update complete
2025-10-22 22:41:12,527 - INFO - ======================================================================
2025-10-22 22:55:46,883 - INFO - ======================================================================
2025-10-22 22:55:46,883 - INFO - SPLG Data Update Check
2025-10-22 22:55:46,883 - INFO - ======================================================================
2025-10-22 22:55:46,895 - INFO - Latest date in dataset: 2025-09-24
2025-10-22 22:55:46,896 - INFO - Fetching data from 2025-09-25 to 2025-10-22
2025-10-22 22:55:46,896 - INFO - Downloading SPLG data from yfinance...
2025-10-22 22:55:47,418 - INFO - ✓ Fetched 20 new records
2025-10-22 22:55:47,420 - INFO -   Date range: 2025-09-25 to 2025-10-22
2025-10-22 22:55:47,434 - INFO - Combined dataset: 5015 total records
2025-10-22 22:55:47,462 - INFO - ✓ Saved raw dataset to /home/robert/FEURCast/data/SPLG_history_full.csv
2025-10-22 22:55:47,463 - INFO - ======================================================================
2025-10-22 22:55:47,463 - INFO - ✓ Data update complete
2025-10-22 22:55:47,463 - INFO - ======================================================================
2025-10-22 22:58:02,260 - INFO - ======================================================================
2025-10-22 22:58:02,260 - INFO - SPLG Data Update Check
2025-10-22 22:58:02,260 - INFO - ======================================================================
2025-10-22 22:58:02,285 - INFO - Latest date in dataset: 2025-09-25
2025-10-22 22:58:02,286 - INFO - Fetching data from 2025-09-26 to 2025-10-22
2025-10-22 22:58:02,286 - INFO - Downloading SPLG data from yfinance...
2025-10-22 22:58:02,849 - INFO - ✓ Fetched 19 new records
2025-10-22 22:58:02,850 - INFO -   Date range: 2025-09-26 to 2025-10-22
2025-10-22 22:58:02,876 - INFO - Combined dataset: 5015 total records
2025-10-22 22:58:02,910 - INFO - ✓ Saved raw dataset to /home/robert/FEURCast/data/SPLG_history_full.csv
2025-10-22 22:58:02,910 - INFO - ======================================================================
2025-10-22 22:58:02,910 - INFO - ✓ Data update complete
2025-10-22 22:58:02,910 - INFO - ======================================================================
2025-10-22 23:13:06,470 - INFO - ======================================================================
2025-10-22 23:13:06,470 - INFO - SPLG Data Update Check
2025-10-22 23:13:06,471 - INFO - ======================================================================
2025-10-22 23:13:06,482 - ERROR - Error reading dataset: 'date'
2025-10-22 23:13:06,482 - ERROR - No existing dataset found. Verify RAW_DATA_PATH in data_updater.py (should point to SPLG_history_full.csv)
2025-10-22 23:13:06,482 - INFO - No updates available
2025-10-22 23:14:31,168 - INFO - ======================================================================
2025-10-22 23:14:34,256 - INFO - SPLG Data Update Check
2025-10-22 23:14:35,067 - INFO - ======================================================================
2025-10-22 23:18:34,953 - INFO - Latest date in dataset: 2025-09-25
2025-10-22 23:19:02,336 - INFO - Fetching data from 2025-09-26 to 2025-10-22
2025-10-22 23:19:02,337 - INFO - Downloading SPLG data from yfinance...
2025-10-22 23:19:02,884 - INFO - ✓ Fetched 19 new records
2025-10-22 23:19:02,885 - INFO -   Date range: 2025-09-26 to 2025-10-22
2025-10-22 23:19:02,920 - INFO - Combined dataset: 5015 total records
2025-10-22 23:19:02,959 - INFO - ✓ Saved raw dataset to /home/robert/FEURCast/data/SPLG_history_full.csv
2025-10-22 23:19:02,959 - INFO - ======================================================================
2025-10-22 23:19:02,959 - INFO - ✓ Data update complete
2025-10-22 23:19:02,959 - INFO - ======================================================================
2025-10-22 23:24:24,798 - INFO - Latest date in dataset: 2025-10-16
2025-10-22 23:24:24,799 - INFO - Downloading SPLG data from yfinance...
2025-10-22 23:24:25,310 - INFO - ✓ Fetched 3 new records
2025-10-22 23:24:25,311 - INFO -   Date range: 2025-10-20 to 2025-10-22
2025-10-22 23:25:21,834 - INFO - ======================================================================
2025-10-22 23:25:21,834 - INFO - SPLG Data Update Check
2025-10-22 23:25:21,835 - INFO - ======================================================================
2025-10-22 23:25:21,851 - INFO - Latest date in dataset: 2025-10-16
2025-10-22 23:25:21,851 - INFO - Fetching data from 2025-10-17 to 2025-10-22
2025-10-22 23:25:21,851 - INFO - Downloading SPLG data from yfinance...
2025-10-22 23:25:22,468 - INFO - ✓ Fetched 4 new records
2025-10-22 23:25:22,470 - INFO -   Date range: 2025-10-17 to 2025-10-22
2025-10-22 23:25:22,489 - INFO - Combined dataset: 5015 total records
2025-10-22 23:25:22,533 - INFO - ✓ Saved raw dataset to /home/robert/FEURCast/data/SPLG_history_full.csv
2025-10-22 23:25:22,534 - INFO - ======================================================================
2025-10-22 23:25:22,534 - INFO - ✓ Data update complete
2025-10-22 23:25:22,534 - INFO - ======================================================================
2025-10-22 23:32:28,247 - INFO - ======================================================================
2025-10-22 23:32:28,248 - INFO - SPLG Data Update Check
2025-10-22 23:32:28,248 - INFO - ======================================================================
2025-10-22 23:32:28,266 - INFO - Latest date in dataset: 2025-10-17
2025-10-22 23:32:28,267 - INFO - Fetching data from 2025-10-18 to 2025-10-22
2025-10-22 23:32:28,267 - INFO - Downloading SPLG data from yfinance...
2025-10-22 23:32:28,727 - INFO - ✓ Fetched 3 new records
2025-10-22 23:32:28,729 - INFO -   Date range: 2025-10-20 to 2025-10-22
2025-10-22 23:32:28,743 - INFO - Combined dataset: 5015 total records
2025-10-22 23:32:28,775 - INFO - ✓ Saved raw dataset to /home/robert/FEURCast/data/SPLG_history_full.csv
2025-10-22 23:32:28,775 - INFO - ======================================================================
2025-10-22 23:32:28,775 - INFO - ✓ Data update complete
2025-10-22 23:32:28,775 - INFO - ======================================================================
2025-10-22 23:36:03,145 - INFO - ======================================================================
2025-10-22 23:36:03,146 - INFO - SPLG Data Update Check
2025-10-22 23:36:03,146 - INFO - ======================================================================
2025-10-22 23:36:03,164 - INFO - Latest date in dataset: 2025-10-22
2025-10-22 23:36:03,164 - INFO - Fetching data from 2025-10-23 to 2025-10-22
2025-10-22 23:36:03,164 - INFO - Dataset is already up to date
2025-10-22 23:36:03,164 - INFO - No updates available
2025-10-22 23:36:16,324 - INFO - ======================================================================
2025-10-22 23:36:16,324 - INFO - SPLG Data Update Check
2025-10-22 23:36:16,324 - INFO - ======================================================================
2025-10-22 23:36:16,337 - INFO - Latest date in dataset: 2025-10-22
2025-10-22 23:36:16,337 - INFO - Fetching data from 2025-10-23 to 2025-10-22
2025-10-22 23:36:16,338 - INFO - Dataset is already up to date
2025-10-22 23:36:16,338 - INFO - No updates available
2025-10-22 23:36:24,769 - INFO - ======================================================================
2025-10-22 23:36:24,769 - INFO - SPLG Data Update Check
2025-10-22 23:36:24,769 - INFO - ======================================================================
2025-10-22 23:36:24,781 - INFO - Latest date in dataset: 2025-10-16
2025-10-22 23:36:24,782 - INFO - Fetching data from 2025-10-17 to 2025-10-22
2025-10-22 23:36:24,782 - INFO - Downloading SPLG data from yfinance...
2025-10-22 23:36:25,350 - INFO - ✓ Fetched 4 new records
2025-10-22 23:36:25,352 - INFO -   Date range: 2025-10-17 to 2025-10-22
2025-10-22 23:36:25,365 - INFO - Combined dataset: 5015 total records
2025-10-22 23:36:25,395 - INFO - ✓ Saved raw dataset to /home/robert/FEURCast/data/SPLG_history_full.csv
2025-10-22 23:36:25,395 - INFO - ======================================================================
2025-10-22 23:36:25,395 - INFO - ✓ Data update complete
2025-10-22 23:36:25,395 - INFO - ======================================================================
