2025-10-22 23:25:22,534 - INFO - ======================================================================
2025-10-22 23:25:22,534 - INFO - Feature Engineering - Full Rebuild
2025-10-22 23:25:22,534 - INFO - ======================================================================
2025-10-22 23:25:22,541 - INFO - Running feature engineering pipeline...
2025-10-22 23:25:22,541 - ERROR - Error during feature engineering: [Errno 2] No such file or directory: '../../data/SPLG_history_full.csv'
2025-10-22 23:25:22,545 - ERROR - Traceback (most recent call last):
  File "/home/robert/FEURCast/streamlit/production/pred_model/feature_updater.py", line 71, in rebuild_features_from_scratch
    build_features([])  # Pass empty list as argv since paths are hardcoded in the script
    ^^^^^^^^^^^^^^^^^^
  File "/home/robert/FEURCast/wrangling/pred_model_feature_engineering/build_splg_features.py", line 287, in main
    df_raw = pd.read_csv(SPLG_DATA_IN)
             ^^^^^^^^^^^^^^^^^^^^^^^^^
  File "/home/robert/anaconda3/envs/feurcast-env/lib/python3.11/site-packages/pandas/io/parsers/readers.py", line 1026, in read_csv
    return _read(filepath_or_buffer, kwds)
           ^^^^^^^^^^^^^^^^^^^^^^^^^^^^^^^
  File "/home/robert/anaconda3/envs/feurcast-env/lib/python3.11/site-packages/pandas/io/parsers/readers.py", line 620, in _read
    parser = TextFileReader(filepath_or_buffer, **kwds)
             ^^^^^^^^^^^^^^^^^^^^^^^^^^^^^^^^^^^^^^^^^^
  File "/home/robert/anaconda3/envs/feurcast-env/lib/python3.11/site-packages/pandas/io/parsers/readers.py", line 1620, in __init__
    self._engine = self._make_engine(f, self.engine)
                   ^^^^^^^^^^^^^^^^^^^^^^^^^^^^^^^^^
  File "/home/robert/anaconda3/envs/feurcast-env/lib/python3.11/site-packages/pandas/io/parsers/readers.py", line 1880, in _make_engine
    self.handles = get_handle(
                   ^^^^^^^^^^^
  File "/home/robert/anaconda3/envs/feurcast-env/lib/python3.11/site-packages/pandas/io/common.py", line 873, in get_handle
    handle = open(
             ^^^^^
FileNotFoundError: [Errno 2] No such file or directory: '../../data/SPLG_history_full.csv'

2025-10-22 23:32:28,775 - INFO - ======================================================================
2025-10-22 23:32:28,776 - INFO - Feature Engineering - Full Rebuild
2025-10-22 23:32:28,776 - INFO - ======================================================================
2025-10-22 23:32:28,778 - INFO - Running feature engineering pipeline...
2025-10-22 23:32:28,779 - ERROR - Error during feature engineering: [Errno 2] No such file or directory: '../../data/SPLG_history_full.csv'
2025-10-22 23:32:28,781 - ERROR - Traceback (most recent call last):
  File "/home/robert/FEURCast/streamlit/production/pred_model/feature_updater.py", line 71, in rebuild_features_from_scratch
    build_features([])  # Pass empty list as argv since paths are hardcoded in the script
    ^^^^^^^^^^^^^^^^^^
  File "/home/robert/FEURCast/wrangling/pred_model_feature_engineering/build_splg_features.py", line 287, in main
    df_raw = pd.read_csv(SPLG_DATA_IN)
             ^^^^^^^^^^^^^^^^^^^^^^^^^
  File "/home/robert/anaconda3/envs/feurcast-env/lib/python3.11/site-packages/pandas/io/parsers/readers.py", line 1026, in read_csv
    return _read(filepath_or_buffer, kwds)
           ^^^^^^^^^^^^^^^^^^^^^^^^^^^^^^^
  File "/home/robert/anaconda3/envs/feurcast-env/lib/python3.11/site-packages/pandas/io/parsers/readers.py", line 620, in _read
    parser = TextFileReader(filepath_or_buffer, **kwds)
             ^^^^^^^^^^^^^^^^^^^^^^^^^^^^^^^^^^^^^^^^^^
  File "/home/robert/anaconda3/envs/feurcast-env/lib/python3.11/site-packages/pandas/io/parsers/readers.py", line 1620, in __init__
    self._engine = self._make_engine(f, self.engine)
                   ^^^^^^^^^^^^^^^^^^^^^^^^^^^^^^^^^
  File "/home/robert/anaconda3/envs/feurcast-env/lib/python3.11/site-packages/pandas/io/parsers/readers.py", line 1880, in _make_engine
    self.handles = get_handle(
                   ^^^^^^^^^^^
  File "/home/robert/anaconda3/envs/feurcast-env/lib/python3.11/site-packages/pandas/io/common.py", line 873, in get_handle
    handle = open(
             ^^^^^
FileNotFoundError: [Errno 2] No such file or directory: '../../data/SPLG_history_full.csv'

2025-10-22 23:36:25,395 - INFO - ======================================================================
2025-10-22 23:36:25,396 - INFO - Feature Engineering - Full Rebuild
2025-10-22 23:36:25,396 - INFO - ======================================================================
2025-10-22 23:36:25,400 - INFO - Running feature engineering pipeline...
2025-10-22 23:36:25,611 - INFO - ✓ Generated features: 4796 rows, 115 columns
2025-10-22 23:36:26,024 - INFO - ✓ Saved features to /home/robert/FEURCast/data/rich_features_SPLG_history_full.csv
2025-10-22 23:36:26,033 - INFO - ✓ No infinite values detected
2025-10-22 23:36:26,033 - INFO - ======================================================================
2025-10-22 23:36:26,034 - INFO - ✓ Feature engineering complete
2025-10-22 23:36:26,034 - INFO - ======================================================================
